[debug] [2024-03-29T19:23:21.269Z] ----------------------------------------------------------------------
[debug] [2024-03-29T19:23:21.271Z] Command:       C:\Program Files\nodejs\node.exe C:\Users\den_y\AppData\Roaming\npm\node_modules\firebase-tools\lib\bin\firebase.js projects:create
[debug] [2024-03-29T19:23:21.271Z] CLI Version:   13.5.2
[debug] [2024-03-29T19:23:21.271Z] Platform:      win32
[debug] [2024-03-29T19:23:21.272Z] Node Version:  v18.15.0
[debug] [2024-03-29T19:23:21.273Z] Time:          Fri Mar 29 2024 16:23:21 GMT-0300 (Horário Padrão de Brasília)
[debug] [2024-03-29T19:23:21.273Z] ----------------------------------------------------------------------
[debug] 
[debug] [2024-03-29T19:23:21.280Z] > command requires scopes: ["email","openid","https://www.googleapis.com/auth/cloudplatformprojects.readonly","https://www.googleapis.com/auth/firebase","https://www.googleapis.com/auth/cloud-platform"]
[debug] [2024-03-29T19:23:21.281Z] > authorizing via signed-in user (denisrsilva95@gmail.com)
[debug] [2024-03-29T19:23:42.764Z] > refreshing access token with scopes: []
[debug] [2024-03-29T19:23:42.770Z] >>> [apiv2][query] POST https://www.googleapis.com/oauth2/v3/token [none]
[debug] [2024-03-29T19:23:42.770Z] >>> [apiv2][body] POST https://www.googleapis.com/oauth2/v3/token [omitted]
[debug] [2024-03-29T19:23:43.153Z] <<< [apiv2][status] POST https://www.googleapis.com/oauth2/v3/token 200
[debug] [2024-03-29T19:23:43.153Z] <<< [apiv2][body] POST https://www.googleapis.com/oauth2/v3/token [omitted]
[debug] [2024-03-29T19:23:43.170Z] >>> [apiv2][query] POST https://cloudresourcemanager.googleapis.com/v1/projects [none]
[debug] [2024-03-29T19:23:43.171Z] >>> [apiv2][body] POST https://cloudresourcemanager.googleapis.com/v1/projects {"projectId":"24","name":"pokedenx"}
[debug] [2024-03-29T19:23:44.258Z] <<< [apiv2][status] POST https://cloudresourcemanager.googleapis.com/v1/projects 400
[debug] [2024-03-29T19:23:44.258Z] <<< [apiv2][body] POST https://cloudresourcemanager.googleapis.com/v1/projects {"error":{"code":400,"message":"Request contains an invalid argument.","status":"INVALID_ARGUMENT","details":[{"@type":"type.googleapis.com/google.rpc.BadRequest","fieldViolations":[{"field":"project_id","description":"project_id must be at least 6 characters long"},{"field":"project_id","description":"project_id contains invalid characters"}]},{"@type":"type.googleapis.com/google.rpc.Help","links":[{"url":"https://cloud.google.com/resource-manager/reference/rest/v1/projects"}]}]}}
[debug] [2024-03-29T19:23:44.547Z] FirebaseError: HTTP Error: 400, Request contains an invalid argument.
    at responseToError (C:\Users\den_y\AppData\Roaming\npm\node_modules\firebase-tools\lib\responseToError.js:49:12)
    at RetryOperation._fn (C:\Users\den_y\AppData\Roaming\npm\node_modules\firebase-tools\lib\apiv2.js:297:77)
    at process.processTicksAndRejections (node:internal/process/task_queues:95:5)
[error] 
[error] Error: Failed to create project. See firebase-debug.log for more info.
